<?xml version="1.0" encoding="UTF-8"?>
<!-- Generated by org.testng.reporters.JUnitReportReporter -->
<testsuite hostname="KAPILs-MacBook-Pro.local" name="CityRailTests.HomePageTests" tests="1" failures="0" timestamp="7 Nov 2012 06:18:39 GMT" time="4.649" errors="0">
  <testcase name="SearchTrainTimeTable" time="4.649" classname="CityRailTests.HomePageTests"/>
</testsuite> <!-- CityRailTests.HomePageTests -->
