<?xml version="1.0" encoding="UTF-8"?>
<!-- Generated by org.testng.reporters.JUnitReportReporter -->
<testsuite hostname="KAPILs-MacBook-Pro.local" name="CityRailInfoTests.HomePageTests" tests="1" failures="0" timestamp="6 Nov 2012 03:46:39 GMT" time="2.834" errors="0">
  <testcase name="SearchTrainTimeTable" time="2.834" classname="CityRailInfoTests.HomePageTests"/>
</testsuite> <!-- CityRailInfoTests.HomePageTests -->
