<?xml version="1.0" encoding="UTF-8"?>
<!-- Generated by org.testng.reporters.JUnitReportReporter -->
<testsuite hostname="KAPILs-MacBook-Pro.local" name="CityRailTests.TimeTablePageTests" tests="1" failures="0" timestamp="7 Nov 2012 23:09:02 GMT" time="2.427" errors="0">
  <testcase name="SearchTrainTimeTable" time="2.427" classname="CityRailTests.TimeTablePageTests"/>
</testsuite> <!-- CityRailTests.TimeTablePageTests -->
